<?xml version='1.0' encoding='UTF-8'?>
<testsuite hostname="knoldus" name="edu.knoldus.SortingTest" tests="4" errors="0" failures="0" skipped="0" time="0.016">
                     <properties>
[...]
</properties>
                     <testcase classname="edu.knoldus.SortingTest" name="Selection Sort should sort sorted list" time="0.014">
                                                 
                                               </testcase><testcase classname="edu.knoldus.SortingTest" name="Selection Sort should sort unsorted list" time="0.001">
                                                 
                                               </testcase><testcase classname="edu.knoldus.SortingTest" name="Selection Sort should sort reversed list" time="0.0">
                                                 
                                               </testcase><testcase classname="edu.knoldus.SortingTest" name="Selection Sort should sort list with negative integers" time="0.001">
                                                 
                                               </testcase>
                     <system-out><![CDATA[]]></system-out>
                     <system-err><![CDATA[]]></system-err>
                   </testsuite>